<?xml version="1.0" encoding="UTF-8"?>
<!-- Generated by org.testng.reporters.JUnitReportReporter -->
<testsuite hostname="Sonali-Laptop" failures="0" tests="1" name="MavenTraining.Mavenjava.AppiumTest" time="0.008" errors="0" timestamp="2022-05-18T14:44:05 BST" skipped="0">
  <testcase classname="MavenTraining.Mavenjava.AppiumTest" name="IOSApps" time="0.008"/>
  <system-out/>
</testsuite> <!-- MavenTraining.Mavenjava.AppiumTest -->
