<?xml version="1.0" encoding="UTF-8"?>
<!-- Generated by org.testng.reporters.JUnitReportReporter -->
<testsuite skipped="0" hostname="DESKTOP-D5BDJCJ" name="MavenTraining.Mavenjava.SeleniumTest" tests="2" failures="0" timestamp="2022-01-13T14:46:12 GMT" time="0.001" errors="0">
  <testcase name="elementsUi" time="0.001" classname="MavenTraining.Mavenjava.SeleniumTest"/>
  <system-out/>
  <testcase name="BrowserAutomation" time="0.000" classname="MavenTraining.Mavenjava.SeleniumTest"/>
  <system-out/>
</testsuite> <!-- MavenTraining.Mavenjava.SeleniumTest -->
