<?xml version="1.0" encoding="UTF-8"?>
<!-- Generated by org.testng.reporters.JUnitReportReporter -->
<testsuite skipped="0" hostname="DESKTOP-D5BDJCJ" name="MavenTraining.Mavenjava.AppiumTest" tests="2" failures="0" timestamp="2022-01-13T14:38:51 GMT" time="0.000" errors="0">
  <testcase name="nativeAppAndroid" time="0.000" classname="MavenTraining.Mavenjava.AppiumTest"/>
  <system-out/>
  <testcase name="IOSApps" time="0.000" classname="MavenTraining.Mavenjava.AppiumTest"/>
  <system-out/>
</testsuite> <!-- MavenTraining.Mavenjava.AppiumTest -->
