<?xml version="1.0" encoding="UTF-8"?>
<!-- Generated by org.testng.reporters.JUnitReportReporter -->
<testsuite skipped="0" hostname="DESKTOP-D5BDJCJ" name="MavenTraining.Mavenjava.RESTAPITest" tests="2" failures="0" timestamp="2022-01-13T14:46:12 GMT" time="0.003" errors="0">
  <testcase name="deleteTwitter" time="0.003" classname="MavenTraining.Mavenjava.RESTAPITest"/>
  <system-out/>
  <testcase name="postJira" time="0.000" classname="MavenTraining.Mavenjava.RESTAPITest"/>
  <system-out/>
</testsuite> <!-- MavenTraining.Mavenjava.RESTAPITest -->
